2024-04-18 10:32:58 - #----------Config info----------#
2024-04-18 10:32:58 - network: UltraLight_VM_UNet,
2024-04-18 10:32:58 - model_config: {'num_classes': 1, 'input_channels': 3, 'c_list': [8, 16, 24, 32, 48, 64], 'split_att': 'fc', 'bridge': True},
2024-04-18 10:32:58 - test_weights: ,
2024-04-18 10:32:58 - datasets: ISIC2017,
2024-04-18 10:32:58 - data_path: ,
2024-04-18 10:32:58 - criterion: BCELoss(
  (bceloss): BCELoss()
),
2024-04-18 10:32:58 - visual_imgs: True,
2024-04-18 10:32:58 - load_size: 512,
2024-04-18 10:32:58 - num_classes: 1,
2024-04-18 10:32:58 - input_channels: 3,
2024-04-18 10:32:58 - distributed: False,
2024-04-18 10:32:58 - local_rank: -1,
2024-04-18 10:32:58 - num_workers: 8,
2024-04-18 10:32:58 - seed: 42,
2024-04-18 10:32:58 - world_size: None,
2024-04-18 10:32:58 - rank: None,
2024-04-18 10:32:58 - amp: False,
2024-04-18 10:32:58 - batch_size: 16,
2024-04-18 10:32:58 - epochs: 2500,
2024-04-18 10:32:58 - work_dir: results/UltraLight_VM_UNet_ISIC2017_Thursday_18_April_2024_10h_32m_58s/,
2024-04-18 10:32:58 - log_dir: log,
2024-04-18 10:32:58 - modelsSavePath: checkpoints,
2024-04-18 10:32:58 - print_interval: 10,
2024-04-18 10:32:58 - val_interval: 20,
2024-04-18 10:32:58 - save_interval: 20,
2024-04-18 10:32:58 - threshold: 0.5,
2024-04-18 10:32:58 - opt: AdamW,
2024-04-18 10:32:58 - lr: 0.001,
2024-04-18 10:32:58 - betas: (0.9, 0.999),
2024-04-18 10:32:58 - eps: 1e-08,
2024-04-18 10:32:58 - weight_decay: 0.01,
2024-04-18 10:32:58 - amsgrad: False,
2024-04-18 10:32:58 - sch: CosineAnnealingLR,
2024-04-18 10:32:58 - T_max: 50,
2024-04-18 10:32:58 - eta_min: 1e-05,
2024-04-18 10:32:58 - last_epoch: -1,
2024-04-18 10:33:02 - train: epoch 1, iter:0, loss: 0.8500, lr: 0.001
2024-04-18 10:33:03 - train: epoch 1, iter:10, loss: 0.2353, lr: 0.001
2024-04-18 10:33:05 - train: epoch 1, iter:20, loss: 0.1760, lr: 0.001
2024-04-18 10:45:29 - #----------Config info----------#
2024-04-18 10:45:29 - network: UltraLight_VM_UNet,
2024-04-18 10:45:29 - model_config: {'num_classes': 1, 'input_channels': 3, 'c_list': [8, 16, 24, 32, 48, 64], 'split_att': 'fc', 'bridge': True},
2024-04-18 10:45:29 - test_weights: ,
2024-04-18 10:45:29 - datasets: ISIC2017,
2024-04-18 10:45:29 - data_path: ,
2024-04-18 10:45:29 - criterion: BCELoss(
  (bceloss): BCELoss()
),
2024-04-18 10:45:29 - visual_imgs: True,
2024-04-18 10:45:29 - load_size: 512,
2024-04-18 10:45:29 - num_classes: 1,
2024-04-18 10:45:29 - input_channels: 3,
2024-04-18 10:45:29 - distributed: False,
2024-04-18 10:45:29 - local_rank: -1,
2024-04-18 10:45:29 - num_workers: 8,
2024-04-18 10:45:29 - seed: 42,
2024-04-18 10:45:29 - world_size: None,
2024-04-18 10:45:29 - rank: None,
2024-04-18 10:45:29 - amp: False,
2024-04-18 10:45:29 - batch_size: 16,
2024-04-18 10:45:29 - epochs: 2500,
2024-04-18 10:45:29 - work_dir: results/UltraLight_VM_UNet_ISIC2017_Thursday_18_April_2024_10h_45m_29s/,
2024-04-18 10:45:29 - log_dir: log,
2024-04-18 10:45:29 - modelsSavePath: checkpoints,
2024-04-18 10:45:29 - print_interval: 10,
2024-04-18 10:45:29 - val_interval: 20,
2024-04-18 10:45:29 - save_interval: 20,
2024-04-18 10:45:29 - threshold: 0.5,
2024-04-18 10:45:29 - opt: AdamW,
2024-04-18 10:45:29 - lr: 0.001,
2024-04-18 10:45:29 - betas: (0.9, 0.999),
2024-04-18 10:45:29 - eps: 1e-08,
2024-04-18 10:45:29 - weight_decay: 0.01,
2024-04-18 10:45:29 - amsgrad: False,
2024-04-18 10:45:29 - sch: CosineAnnealingLR,
2024-04-18 10:45:29 - T_max: 50,
2024-04-18 10:45:29 - eta_min: 1e-05,
2024-04-18 10:45:29 - last_epoch: -1,
